<?xml version="1.0" encoding="UTF-8"?>
<testng-results ignored="0" total="1" passed="1" failed="0" skipped="0">
  <reporter-output>
  </reporter-output>
  <suite started-at="2021-10-29T01:14:13Z" name="Default suite" finished-at="2021-10-29T01:14:24Z" duration-ms="10760">
    <groups>
    </groups>
    <test started-at="2021-10-29T01:14:13Z" name="Default test" finished-at="2021-10-29T01:14:24Z" duration-ms="10760">
      <class name="com.google.googleTest">
        <test-method signature="f()[pri:0, instance:com.google.googleTest@571c5681]" started-at="2021-10-29T01:14:13Z" name="f" finished-at="2021-10-29T01:14:24Z" duration-ms="10720" status="PASS">
          <reporter-output>
          </reporter-output>
        </test-method> <!-- f -->
      </class> <!-- com.google.googleTest -->
    </test> <!-- Default test -->
  </suite> <!-- Default suite -->
</testng-results>
